# JRE version: Java(TM) SE Runtime Environment (8.0_261-b12) (build 1.8.0_261-b12)
# Java VM: Java HotSpot(TM) 64-Bit Server VM (25.261-b12 mixed mode windows-amd64 compressed oops)
Heap:
 PSYoungGen      total 175616K, used 137613K [0x00000000d5580000, 0x00000000e2600000, 0x0000000100000000)
  eden space 141312K, 97% used [0x00000000d5580000,0x00000000ddbe35d8,0x00000000ddf80000)
  from space 34304K, 0% used [0x00000000ddf80000,0x00000000ddf80000,0x00000000e0100000)
  to   space 29184K, 0% used [0x00000000e0100000,0x00000000e0100000,0x00000000e1d80000)
 ParOldGen       total 134656K, used 129799K [0x0000000080000000, 0x0000000088380000, 0x00000000d5580000)
  object space 134656K, 96% used [0x0000000080000000,0x0000000087ec1c08,0x0000000088380000)
 Metaspace       used 83201K, capacity 86816K, committed 91392K, reserved 1128448K
  class space    used 11405K, capacity 12101K, committed 13056K, reserved 1048576K
GC Heap History (10 events):
Event: 48.548 GC heap before
{Heap before GC invocations=25 (full 3):
 PSYoungGen      total 175616K, used 175606K [0x00000000d5580000, 0x00000000e2600000, 0x0000000100000000)
  eden space 141312K, 100% used [0x00000000d5580000,0x00000000ddf80000,0x00000000ddf80000)
  from space 34304K, 99% used [0x00000000ddf80000,0x00000000e00fd930,0x00000000e0100000)
  to   space 29184K, 0% used [0x00000000e0100000,0x00000000e0100000,0x00000000e1d80000)
 ParOldGen       total 134656K, used 63695K [0x0000000080000000, 0x0000000088380000, 0x00000000d5580000)
  object space 134656K, 47% used [0x0000000080000000,0x0000000083e33e60,0x0000000088380000)
 Metaspace       used 84707K, capacity 91150K, committed 91392K, reserved 1128448K
  class space    used 11944K, capacity 13034K, committed 13056K, reserved 1048576K
Event: 48.579 GC heap after
Heap after GC invocations=25 (full 3):
 PSYoungGen      total 170496K, used 29157K [0x00000000d5580000, 0x00000000e2600000, 0x0000000100000000)
  eden space 141312K, 0% used [0x00000000d5580000,0x00000000d5580000,0x00000000ddf80000)
  from space 29184K, 99% used [0x00000000e0100000,0x00000000e1d79690,0x00000000e1d80000)
  to   space 34304K, 0% used [0x00000000ddf80000,0x00000000ddf80000,0x00000000e0100000)
 ParOldGen       total 134656K, used 71973K [0x0000000080000000, 0x0000000088380000, 0x00000000d5580000)
  object space 134656K, 53% used [0x0000000080000000,0x00000000846496f8,0x0000000088380000)
 Metaspace       used 84707K, capacity 91150K, committed 91392K, reserved 1128448K
  class space    used 11944K, capacity 13034K, committed 13056K, reserved 1048576K
}
Event: 49.213 GC heap before
{Heap before GC invocations=26 (full 3):
 PSYoungGen      total 170496K, used 170469K [0x00000000d5580000, 0x00000000e2600000, 0x0000000100000000)
  eden space 141312K, 100% used [0x00000000d5580000,0x00000000ddf80000,0x00000000ddf80000)
  from space 29184K, 99% used [0x00000000e0100000,0x00000000e1d79690,0x00000000e1d80000)
  to   space 34304K, 0% used [0x00000000ddf80000,0x00000000ddf80000,0x00000000e0100000)
 ParOldGen       total 134656K, used 71973K [0x0000000080000000, 0x0000000088380000, 0x00000000d5580000)
  object space 134656K, 53% used [0x0000000080000000,0x00000000846496f8,0x0000000088380000)
 Metaspace       used 84707K, capacity 91150K, committed 91392K, reserved 1128448K
  class space    used 11944K, capacity 13034K, committed 13056K, reserved 1048576K
Event: 49.705 GC heap after
Heap after GC invocations=26 (full 3):
 PSYoungGen      total 175616K, used 34274K [0x00000000d5580000, 0x00000000e2600000, 0x0000000100000000)
  eden space 141312K, 0% used [0x00000000d5580000,0x00000000d5580000,0x00000000ddf80000)
  from space 34304K, 99% used [0x00000000ddf80000,0x00000000e00f89d8,0x00000000e0100000)
  to   space 29184K, 0% used [0x00000000e0100000,0x00000000e0100000,0x00000000e1d80000)
 ParOldGen       total 134656K, used 113972K [0x0000000080000000, 0x0000000088380000, 0x00000000d5580000)
  object space 134656K, 84% used [0x0000000080000000,0x0000000086f4d110,0x0000000088380000)
 Metaspace       used 84707K, capacity 91150K, committed 91392K, reserved 1128448K
  class space    used 11944K, capacity 13034K, committed 13056K, reserved 1048576K
}
Event: 49.723 GC heap before
{Heap before GC invocations=27 (full 4):
 PSYoungGen      total 175616K, used 34274K [0x00000000d5580000, 0x00000000e2600000, 0x0000000100000000)
  eden space 141312K, 0% used [0x00000000d5580000,0x00000000d5580000,0x00000000ddf80000)
  from space 34304K, 99% used [0x00000000ddf80000,0x00000000e00f89d8,0x00000000e0100000)
  to   space 29184K, 0% used [0x00000000e0100000,0x00000000e0100000,0x00000000e1d80000)
 ParOldGen       total 134656K, used 113972K [0x0000000080000000, 0x0000000088380000, 0x00000000d5580000)
  object space 134656K, 84% used [0x0000000080000000,0x0000000086f4d110,0x0000000088380000)
 Metaspace       used 84707K, capacity 91150K, committed 91392K, reserved 1128448K
  class space    used 11944K, capacity 13034K, committed 13056K, reserved 1048576K
Event: 50.788 GC heap after
Heap after GC invocations=27 (full 4):
 PSYoungGen      total 175616K, used 0K [0x00000000d5580000, 0x00000000e2600000, 0x0000000100000000)
  eden space 141312K, 0% used [0x00000000d5580000,0x00000000d5580000,0x00000000ddf80000)
  from space 34304K, 0% used [0x00000000ddf80000,0x00000000ddf80000,0x00000000e0100000)
  to   space 29184K, 0% used [0x00000000e0100000,0x00000000e0100000,0x00000000e1d80000)
 ParOldGen       total 134656K, used 114239K [0x0000000080000000, 0x0000000088380000, 0x00000000d5580000)
  object space 134656K, 84% used [0x0000000080000000,0x0000000086f8fd78,0x0000000088380000)
 Metaspace       used 83094K, capacity 86698K, committed 91392K, reserved 1128448K
  class space    used 11393K, capacity 12094K, committed 13056K, reserved 1048576K
}
Event: 51.857 GC heap before
{Heap before GC invocations=28 (full 5):
 PSYoungGen      total 175616K, used 141312K [0x00000000d5580000, 0x00000000e2600000, 0x0000000100000000)
  eden space 141312K, 100% used [0x00000000d5580000,0x00000000ddf80000,0x00000000ddf80000)
  from space 34304K, 0% used [0x00000000ddf80000,0x00000000ddf80000,0x00000000e0100000)
  to   space 29184K, 0% used [0x00000000e0100000,0x00000000e0100000,0x00000000e1d80000)
 ParOldGen       total 134656K, used 114239K [0x0000000080000000, 0x0000000088380000, 0x00000000d5580000)
  object space 134656K, 84% used [0x0000000080000000,0x0000000086f8fd78,0x0000000088380000)
 Metaspace       used 83169K, capacity 86854K, committed 91392K, reserved 1128448K
  class space    used 11406K, capacity 12108K, committed 13056K, reserved 1048576K
Event: 52.083 GC heap after
Heap after GC invocations=28 (full 5):
 PSYoungGen      total 175616K, used 0K [0x00000000d5580000, 0x00000000e2600000, 0x0000000100000000)
  eden space 141312K, 0% used [0x00000000d5580000,0x00000000d5580000,0x00000000ddf80000)
  from space 34304K, 0% used [0x00000000ddf80000,0x00000000ddf80000,0x00000000e0100000)
  to   space 29184K, 0% used [0x00000000e0100000,0x00000000e0100000,0x00000000e1d80000)
 ParOldGen       total 134656K, used 115641K [0x0000000080000000, 0x0000000088380000, 0x00000000d5580000)
  object space 134656K, 85% used [0x0000000080000000,0x00000000870ee488,0x0000000088380000)
 Metaspace       used 83150K, capacity 86796K, committed 91392K, reserved 1128448K
  class space    used 11399K, capacity 12097K, committed 13056K, reserved 1048576K
}
Event: 52.302 GC heap before
{Heap before GC invocations=29 (full 6):
 PSYoungGen      total 175616K, used 141312K [0x00000000d5580000, 0x00000000e2600000, 0x0000000100000000)
  eden space 141312K, 100% used [0x00000000d5580000,0x00000000ddf80000,0x00000000ddf80000)
  from space 34304K, 0% used [0x00000000ddf80000,0x00000000ddf80000,0x00000000e0100000)
  to   space 29184K, 0% used [0x00000000e0100000,0x00000000e0100000,0x00000000e1d80000)
 ParOldGen       total 134656K, used 115641K [0x0000000080000000, 0x0000000088380000, 0x00000000d5580000)
  object space 134656K, 85% used [0x0000000080000000,0x00000000870ee488,0x0000000088380000)
 Metaspace       used 83156K, capacity 86796K, committed 91392K, reserved 1128448K
  class space    used 11399K, capacity 12097K, committed 13056K, reserved 1048576K
Event: 52.643 GC heap after
Heap after GC invocations=29 (full 6):
 PSYoungGen      total 175616K, used 0K [0x00000000d5580000, 0x00000000e2600000, 0x0000000100000000)
  eden space 141312K, 0% used [0x00000000d5580000,0x00000000d5580000,0x00000000ddf80000)
  from space 34304K, 0% used [0x00000000ddf80000,0x00000000ddf80000,0x00000000e0100000)
  to   space 29184K, 0% used [0x00000000e0100000,0x00000000e0100000,0x00000000e1d80000)
 ParOldGen       total 134656K, used 129799K [0x0000000080000000, 0x0000000088380000, 0x00000000d5580000)
  object space 134656K, 96% used [0x0000000080000000,0x0000000087ec1c08,0x0000000088380000)
 Metaspace       used 83156K, capacity 86796K, committed 91392K, reserved 1128448K
  class space    used 11399K, capacity 12097K, committed 13056K, reserved 1048576K
}

